Flutter crash report; please file at https://github.com/flutter/flutter/issues.

## command

flutter --quiet assemble --depfile /home/gga/Desktop/anggaekau_17630591_uas_flutter/build/app/intermediates/flutter/debug/flutter_build.d --output /home/gga/Desktop/anggaekau_17630591_uas_flutter/build/app/intermediates/flutter/debug -dTargetFile=/home/gga/Desktop/anggaekau_17630591_uas_flutter/lib/main.dart -dTargetPlatform=android -dBuildMode=debug debug_android_application

## exception

FileSystemException: FileSystemException: Cannot delete file, path = '/home/gga/Desktop/anggaekau_17630591_uas_flutter/.dart_tool/flutter_build/7fb6f5ae7ea20b3261032f6a4ea505c1/debug_android_application.stamp' (OS Error: No such file or directory, errno = 2)

```
#0      _File.throwIfError (dart:io/file_impl.dart:645:7)
#1      _File._deleteSync (dart:io/file_impl.dart:308:5)
#2      FileSystemEntity.deleteSync (dart:io/file_system_entity.dart:466:47)
#3      ForwardingFileSystemEntity.deleteSync (package:file/src/forwarding/forwarding_file_system_entity.dart:72:16)
#4      Target.clearStamp (package:flutter_tools/src/build_system/build_system.dart:153:13)
#5      _BuildInstance._invokeInternal (package:flutter_tools/src/build_system/build_system.dart:566:19)
<asynchronous suspension>
#6      _BuildInstance.invokeTarget.<anonymous closure> (package:flutter_tools/src/build_system/build_system.dart:486:35)
#7      new Future.sync (dart:async/future.dart:224:31)
#8      AsyncMemoizer.runOnce (package:async/src/async_memoizer.dart:43:45)
#9      _BuildInstance.invokeTarget (package:flutter_tools/src/build_system/build_system.dart:486:21)
<asynchronous suspension>
#10     BuildSystem.build (package:flutter_tools/src/build_system/build_system.dart:424:36)
#11     AssembleCommand.runCommand (package:flutter_tools/src/commands/assemble.dart:170:50)
#12     FlutterCommand.verifyThenRunCommand (package:flutter_tools/src/runner/flutter_command.dart:615:18)
<asynchronous suspension>
#13     FlutterCommand.run.<anonymous closure> (package:flutter_tools/src/runner/flutter_command.dart:515:33)
<asynchronous suspension>
#14     AppContext.run.<anonymous closure> (package:flutter_tools/src/base/context.dart:146:29)
#15     _rootRun (dart:async/zone.dart:1126:13)
#16     _CustomZone.run (dart:async/zone.dart:1023:19)
#17     _runZoned (dart:async/zone.dart:1518:10)
#18     runZoned (dart:async/zone.dart:1465:12)
#19     AppContext.run (package:flutter_tools/src/base/context.dart:145:18)
#20     FlutterCommand.run (package:flutter_tools/src/runner/flutter_command.dart:505:20)
#21     CommandRunner.runCommand (package:args/command_runner.dart:197:27)
#22     FlutterCommandRunner.runCommand.<anonymous closure> (package:flutter_tools/src/runner/flutter_command_runner.dart:413:21)
<asynchronous suspension>
#23     AppContext.run.<anonymous closure> (package:flutter_tools/src/base/context.dart:146:29)
#24     _rootRun (dart:async/zone.dart:1126:13)
#25     _CustomZone.run (dart:async/zone.dart:1023:19)
#26     _runZoned (dart:async/zone.dart:1518:10)
#27     runZoned (dart:async/zone.dart:1465:12)
#28     AppContext.run (package:flutter_tools/src/base/context.dart:145:18)
#29     FlutterCommandRunner.runCommand (package:flutter_tools/src/runner/flutter_command_runner.dart:364:19)
#30     CommandRunner.run.<anonymous closure> (package:args/command_runner.dart:112:25)
#31     new Future.sync (dart:async/future.dart:224:31)
#32     CommandRunner.run (package:args/command_runner.dart:112:14)
#33     FlutterCommandRunner.run (package:flutter_tools/src/runner/flutter_command_runner.dart:250:18)
#34     run.<anonymous closure>.<anonymous closure> (package:flutter_tools/runner.dart:63:22)
#35     _rootRun (dart:async/zone.dart:1126:13)
#36     _CustomZone.run (dart:async/zone.dart:1023:19)
#37     _runZoned (dart:async/zone.dart:1518:10)
#38     runZoned (dart:async/zone.dart:1502:12)
#39     run.<anonymous closure> (package:flutter_tools/runner.dart:61:18)
<asynchronous suspension>
#40     AppContext.run.<anonymous closure> (package:flutter_tools/src/base/context.dart:146:29)
#41     _rootRun (dart:async/zone.dart:1126:13)
#42     _CustomZone.run (dart:async/zone.dart:1023:19)
#43     _runZoned (dart:async/zone.dart:1518:10)
#44     runZoned (dart:async/zone.dart:1465:12)
#45     AppContext.run (package:flutter_tools/src/base/context.dart:145:18)
#46     runInContext (package:flutter_tools/src/context_runner.dart:64:24)
#47     run (package:flutter_tools/runner.dart:50:10)
#48     main (package:flutter_tools/executable.dart:65:9)
#49     main (file:///home/gga/apps/android/flutter/packages/flutter_tools/bin/flutter_tools.dart:8:3)
#50     _startIsolate.<anonymous closure> (dart:isolate-patch/isolate_patch.dart:305:32)
#51     _RawReceivePortImpl._handleMessage (dart:isolate-patch/isolate_patch.dart:174:12)
```

## flutter doctor

```
[✓] Flutter (Channel stable, v1.12.13+hotfix.5, on Linux, locale en_US.UTF-8)
    • Flutter version 1.12.13+hotfix.5 at /home/gga/apps/android/flutter
    • Framework revision 27321ebbad (5 weeks ago), 2019-12-10 18:15:01 -0800
    • Engine revision 2994f7e1e6
    • Dart version 2.7.0

[✓] Android toolchain - develop for Android devices (Android SDK version 29.0.2)
    • Android SDK at /home/gga/apps/android/sdk
    • Android NDK location not configured (optional; useful for native profiling support)
    • Platform android-29, build-tools 29.0.2
    • ANDROID_HOME = /home/gga/apps/android/sdk
    • Java binary at: /home/gga/apps/android/android-studio/jre/bin/java
    • Java version OpenJDK Runtime Environment (build 1.8.0_202-release-1483-b49-5587405)
    • All Android licenses accepted.

[✓] Android Studio (version 3.5)
    • Android Studio at /home/gga/apps/android/android-studio
    • Flutter plugin version 42.1.1
    • Dart plugin version 191.8593
    • Java version OpenJDK Runtime Environment (build 1.8.0_202-release-1483-b49-5587405)

[✓] VS Code (version 1.38.1)
    • VS Code at /usr/share/code
    • Flutter extension version 3.7.1

[✓] Connected device (1 available)
    • MI MAX • bb9af4c5 • android-arm64 • Android 7.0 (API 24)

• No issues found!
```
